  [1m[35m (2799.8ms)[0m  [1m[35mCREATE DATABASE "Budget_App_development" ENCODING = 'unicode'[0m
  [1m[35m (1341.0ms)[0m  [1m[35mCREATE DATABASE "Budget_App_test" ENCODING = 'unicode'[0m
  [1m[35m (801.2ms)[0m  [1m[35mCREATE TABLE "schema_migrations" ("version" character varying NOT NULL PRIMARY KEY)[0m
  [1m[35m (151.9ms)[0m  [1m[35mCREATE TABLE "ar_internal_metadata" ("key" character varying NOT NULL PRIMARY KEY, "value" character varying, "created_at" timestamp(6) NOT NULL, "updated_at" timestamp(6) NOT NULL)[0m
  [1m[35m (0.5ms)[0m  [1m[34mSELECT pg_try_advisory_lock(2122188891063861270)[0m
  [1m[36mActiveRecord::SchemaMigration Pluck (1.4ms)[0m  [1m[34mSELECT "schema_migrations"."version" FROM "schema_migrations" ORDER BY "schema_migrations"."version" ASC[0m
Migrating to CreateUsers (20230328075548)
  [1m[36mTRANSACTION (0.3ms)[0m  [1m[35mBEGIN[0m
  [1m[35m (174.8ms)[0m  [1m[35mCREATE TABLE "users" ("id" bigserial primary key, "name" character varying, "created_at" timestamp(6) NOT NULL, "updated_at" timestamp(6) NOT NULL)[0m
  [1m[36mActiveRecord::SchemaMigration Create (1.2ms)[0m  [1m[32mINSERT INTO "schema_migrations" ("version") VALUES ($1) RETURNING "version"[0m  [["version", "20230328075548"]]
  [1m[36mTRANSACTION (28.9ms)[0m  [1m[35mCOMMIT[0m
Migrating to CreateCategories (20230328080106)
  [1m[36mTRANSACTION (0.4ms)[0m  [1m[35mBEGIN[0m
  [1m[35m (140.5ms)[0m  [1m[35mCREATE TABLE "categories" ("id" bigserial primary key, "name" character varying, "icon" character varying, "created_at" timestamp(6) NOT NULL, "updated_at" timestamp(6) NOT NULL)[0m
  [1m[36mActiveRecord::SchemaMigration Create (0.7ms)[0m  [1m[32mINSERT INTO "schema_migrations" ("version") VALUES ($1) RETURNING "version"[0m  [["version", "20230328080106"]]
  [1m[36mTRANSACTION (41.0ms)[0m  [1m[35mCOMMIT[0m
Migrating to CreateTransactions (20230328080334)
  [1m[36mTRANSACTION (0.4ms)[0m  [1m[35mBEGIN[0m
  [1m[35m (126.5ms)[0m  [1m[35mCREATE TABLE "transactions" ("id" bigserial primary key, "name" character varying, "amount" float, "created_at" timestamp(6) NOT NULL, "updated_at" timestamp(6) NOT NULL)[0m
  [1m[36mActiveRecord::SchemaMigration Create (0.7ms)[0m  [1m[32mINSERT INTO "schema_migrations" ("version") VALUES ($1) RETURNING "version"[0m  [["version", "20230328080334"]]
  [1m[36mTRANSACTION (16.0ms)[0m  [1m[35mCOMMIT[0m
Migrating to AddAuthorToCategories (20230328081517)
  [1m[36mTRANSACTION (0.3ms)[0m  [1m[35mBEGIN[0m
  [1m[35m (0.6ms)[0m  [1m[35mALTER TABLE "categories" ADD "author_id" bigint NOT NULL[0m
  [1m[35m (66.9ms)[0m  [1m[35mCREATE INDEX "index_categories_on_author_id" ON "categories" ("author_id")[0m
  [1m[35m (34.7ms)[0m  [1m[35mALTER TABLE "categories" ADD CONSTRAINT "fk_rails_139f1652e1"
FOREIGN KEY ("author_id")
  REFERENCES "authors" ("id")
[0m
  [1m[36mTRANSACTION (0.4ms)[0m  [1m[31mROLLBACK[0m
  [1m[35m (0.7ms)[0m  [1m[34mSELECT pg_advisory_unlock(2122188891063861270)[0m
  [1m[35m (0.3ms)[0m  [1m[34mSELECT pg_try_advisory_lock(2122188891063861270)[0m
  [1m[36mActiveRecord::SchemaMigration Pluck (0.9ms)[0m  [1m[34mSELECT "schema_migrations"."version" FROM "schema_migrations" ORDER BY "schema_migrations"."version" ASC[0m
Migrating to AddAuthorToCategories (20230328081517)
  [1m[36mTRANSACTION (0.3ms)[0m  [1m[35mBEGIN[0m
  [1m[35m (1.0ms)[0m  [1m[35mALTER TABLE "categories" ADD "author_id" bigint NOT NULL[0m
  [1m[35m (99.3ms)[0m  [1m[35mCREATE INDEX "index_categories_on_author_id" ON "categories" ("author_id")[0m
  [1m[35m (91.2ms)[0m  [1m[35mALTER TABLE "categories" ADD CONSTRAINT "fk_rails_139f1652e1"
FOREIGN KEY ("author_id")
  REFERENCES "users" ("id")
[0m
  [1m[36mActiveRecord::SchemaMigration Create (0.7ms)[0m  [1m[32mINSERT INTO "schema_migrations" ("version") VALUES ($1) RETURNING "version"[0m  [["version", "20230328081517"]]
  [1m[36mTRANSACTION (25.2ms)[0m  [1m[35mCOMMIT[0m
Migrating to AddAuthorToTransactions (20230328081619)
  [1m[36mTRANSACTION (0.3ms)[0m  [1m[35mBEGIN[0m
  [1m[35m (0.7ms)[0m  [1m[35mALTER TABLE "transactions" ADD "author_id" bigint NOT NULL[0m
  [1m[35m (46.6ms)[0m  [1m[35mCREATE INDEX "index_transactions_on_author_id" ON "transactions" ("author_id")[0m
  [1m[35m (1.7ms)[0m  [1m[35mALTER TABLE "transactions" ADD CONSTRAINT "fk_rails_41aaf527d5"
FOREIGN KEY ("author_id")
  REFERENCES "users" ("id")
[0m
  [1m[36mActiveRecord::SchemaMigration Create (0.6ms)[0m  [1m[32mINSERT INTO "schema_migrations" ("version") VALUES ($1) RETURNING "version"[0m  [["version", "20230328081619"]]
  [1m[36mTRANSACTION (20.2ms)[0m  [1m[35mCOMMIT[0m
Migrating to CreateCategoryTransactions (20230328084948)
  [1m[36mTRANSACTION (0.4ms)[0m  [1m[35mBEGIN[0m
  [1m[35m (44.7ms)[0m  [1m[35mCREATE TABLE "category_transactions" ("id" bigserial primary key, "category_id" bigint NOT NULL, "transaction_id" bigint NOT NULL, "created_at" timestamp(6) NOT NULL, "updated_at" timestamp(6) NOT NULL, CONSTRAINT "fk_rails_a7bcc1e2b0"
FOREIGN KEY ("category_id")
  REFERENCES "categories" ("id")
, CONSTRAINT "fk_rails_dfbf427881"
FOREIGN KEY ("transaction_id")
  REFERENCES "transactions" ("id")
)[0m
  [1m[35m (52.9ms)[0m  [1m[35mCREATE INDEX "index_category_transactions_on_category_id" ON "category_transactions" ("category_id")[0m
  [1m[35m (43.4ms)[0m  [1m[35mCREATE INDEX "index_category_transactions_on_transaction_id" ON "category_transactions" ("transaction_id")[0m
  [1m[36mActiveRecord::SchemaMigration Create (0.6ms)[0m  [1m[32mINSERT INTO "schema_migrations" ("version") VALUES ($1) RETURNING "version"[0m  [["version", "20230328084948"]]
  [1m[36mTRANSACTION (26.6ms)[0m  [1m[35mCOMMIT[0m
  [1m[36mActiveRecord::InternalMetadata Load (1.0ms)[0m  [1m[34mSELECT "ar_internal_metadata".* FROM "ar_internal_metadata" WHERE "ar_internal_metadata"."key" = $1 LIMIT $2[0m  [["key", "environment"], ["LIMIT", 1]]
  [1m[36mTRANSACTION (0.4ms)[0m  [1m[35mBEGIN[0m
  [1m[36mActiveRecord::InternalMetadata Create (1.1ms)[0m  [1m[32mINSERT INTO "ar_internal_metadata" ("key", "value", "created_at", "updated_at") VALUES ($1, $2, $3, $4) RETURNING "key"[0m  [["key", "environment"], ["value", "development"], ["created_at", "2023-03-28 09:19:14.998121"], ["updated_at", "2023-03-28 09:19:14.998121"]]
  [1m[36mTRANSACTION (25.1ms)[0m  [1m[35mCOMMIT[0m
  [1m[35m (0.7ms)[0m  [1m[34mSELECT pg_advisory_unlock(2122188891063861270)[0m
  [1m[36mActiveRecord::SchemaMigration Pluck (1.0ms)[0m  [1m[34mSELECT "schema_migrations"."version" FROM "schema_migrations" ORDER BY "schema_migrations"."version" ASC[0m
